mode: set
github.com/pauljeremyturner/musiclib/metadata.go:27.42,35.2 1 1
github.com/pauljeremyturner/musiclib/metadata.go:37.51,47.2 6 1
github.com/pauljeremyturner/musiclib/metadata.go:49.79,51.45 1 1
github.com/pauljeremyturner/musiclib/metadata.go:60.2,60.12 1 1
github.com/pauljeremyturner/musiclib/metadata.go:51.45,56.3 3 1
github.com/pauljeremyturner/musiclib/metadata.go:56.8,58.3 1 1
github.com/pauljeremyturner/musiclib/metadata.go:63.43,69.16 3 1
github.com/pauljeremyturner/musiclib/metadata.go:74.2,78.33 3 1
github.com/pauljeremyturner/musiclib/metadata.go:109.2,109.19 1 1
github.com/pauljeremyturner/musiclib/metadata.go:69.16,72.3 2 0
github.com/pauljeremyturner/musiclib/metadata.go:78.33,82.17 3 1
github.com/pauljeremyturner/musiclib/metadata.go:86.3,86.36 1 1
github.com/pauljeremyturner/musiclib/metadata.go:91.3,92.17 2 1
github.com/pauljeremyturner/musiclib/metadata.go:105.3,105.15 1 1
github.com/pauljeremyturner/musiclib/metadata.go:82.17,84.4 1 0
github.com/pauljeremyturner/musiclib/metadata.go:86.36,88.12 2 0
github.com/pauljeremyturner/musiclib/metadata.go:92.17,103.4 3 1
github.com/pauljeremyturner/musiclib/metadata.go:105.15,107.4 1 1
github.com/pauljeremyturner/musiclib/metadata.go:113.32,114.34 1 1
github.com/pauljeremyturner/musiclib/metadata.go:114.34,116.28 1 1
github.com/pauljeremyturner/musiclib/metadata.go:119.3,119.24 1 1
github.com/pauljeremyturner/musiclib/metadata.go:116.28,118.4 1 1
github.com/pauljeremyturner/musiclib/metadata.go:124.36,131.2 4 1
github.com/pauljeremyturner/musiclib/metadata.go:133.35,136.2 1 1
github.com/pauljeremyturner/musiclib/model.go:34.27,41.2 1 1
github.com/pauljeremyturner/musiclib/rest_router.go:17.33,19.2 1 0
github.com/pauljeremyturner/musiclib/rest_router.go:25.40,62.2 11 0
github.com/pauljeremyturner/musiclib/rest_router.go:64.89,70.2 4 0
github.com/pauljeremyturner/musiclib/rest_router.go:72.90,76.22 2 0
github.com/pauljeremyturner/musiclib/rest_router.go:90.2,90.16 1 0
github.com/pauljeremyturner/musiclib/rest_router.go:76.22,78.18 2 0
github.com/pauljeremyturner/musiclib/rest_router.go:82.3,83.18 2 0
github.com/pauljeremyturner/musiclib/rest_router.go:87.3,87.13 1 0
github.com/pauljeremyturner/musiclib/rest_router.go:78.18,81.4 2 0
github.com/pauljeremyturner/musiclib/rest_router.go:83.18,86.4 2 0
github.com/pauljeremyturner/musiclib/rest_router.go:90.16,92.3 1 0
github.com/pauljeremyturner/musiclib/rest_router.go:92.8,99.3 5 0
github.com/pauljeremyturner/musiclib/rest_router.go:102.87,106.21 3 0
github.com/pauljeremyturner/musiclib/rest_router.go:111.2,112.48 2 0
github.com/pauljeremyturner/musiclib/rest_router.go:106.21,109.3 2 0
github.com/pauljeremyturner/musiclib/rest_router.go:112.48,115.17 2 0
github.com/pauljeremyturner/musiclib/rest_router.go:115.17,117.4 1 0
github.com/pauljeremyturner/musiclib/rest_router.go:117.9,121.4 3 0
github.com/pauljeremyturner/musiclib/rest_router.go:122.8,124.3 1 0
github.com/pauljeremyturner/musiclib/rest_router.go:127.68,129.2 0 0
github.com/pauljeremyturner/musiclib/rest_router.go:131.87,135.21 3 0
github.com/pauljeremyturner/musiclib/rest_router.go:140.2,141.48 2 0
github.com/pauljeremyturner/musiclib/rest_router.go:135.21,138.3 2 0
github.com/pauljeremyturner/musiclib/rest_router.go:141.48,144.17 2 0
github.com/pauljeremyturner/musiclib/rest_router.go:144.17,146.4 1 0
github.com/pauljeremyturner/musiclib/rest_router.go:146.9,150.4 3 0
github.com/pauljeremyturner/musiclib/rest_router.go:151.8,153.3 1 0
github.com/pauljeremyturner/musiclib/rest_router.go:156.89,158.2 0 0
github.com/pauljeremyturner/musiclib/library.go:7.45,13.27 3 1
github.com/pauljeremyturner/musiclib/library.go:21.2,23.34 2 1
github.com/pauljeremyturner/musiclib/library.go:39.2,39.52 1 1
github.com/pauljeremyturner/musiclib/library.go:13.27,19.3 4 1
github.com/pauljeremyturner/musiclib/library.go:23.34,25.23 2 1
github.com/pauljeremyturner/musiclib/library.go:28.3,29.33 2 1
github.com/pauljeremyturner/musiclib/library.go:32.3,35.33 4 1
github.com/pauljeremyturner/musiclib/library.go:25.23,27.4 1 1
github.com/pauljeremyturner/musiclib/library.go:29.33,31.4 1 1
github.com/pauljeremyturner/musiclib/main.go:7.13,12.2 2 0
